Сборка начата 28.10.2021 21:35:59.
Уровень детализации журнала: Normal.     1>Проект "D:\БГТУ Лабы, лекции и тд\Лабараторные Белодед\Лабараторные\Лабараторная #11\Lab11_ОАиП(Beloded)\Lab11_ОАиП(Dop_8_1)\Lab11_ОАиП(Dop_8_1).vcxproj" в узле 2 (целевые объекты Build).
     1>InitializeBuildStatus:
         Создание "Debug\Lab11_ОА.1ec8c56d.tlog\unsuccessfulbuild", так как было задано "AlwaysCreate".
       ClCompile:
         C:\Program Files (x86)\Microsoft Visual Studio\2019\Community\VC\Tools\MSVC\14.29.30133\bin\HostX86\x86\CL.exe /c /ZI /JMC /nologo /W3 /WX- /diagnostics:column /sdl /Od /Oy- /D WIN32 /D _DEBUG /D _CONSOLE /D _UNICODE /D UNICODE /Gm- /EHsc /RTC1 /MDd /GS /fp:precise /permissive- /Zc:wchar_t /Zc:forScope /Zc:inline /Fo"Debug\\" /Fd"Debug\vc142.pdb" /external:W3 /Gd /TP /analyze- /FC /errorReport:prompt "Lab11_ОАиП(Dop_8_1).cpp"
         Lab11_ОАиП(Dop_8_1).cpp
     1>D:\БГТУ Лабы, лекции и тд\Лабараторные Белодед\Лабараторные\Лабараторная #11\Lab11_ОАиП(Beloded)\Lab11_ОАиП(Dop_8_1)\Lab11_ОАиП(Dop_8_1).cpp(6,1): warning C4326: возвращаемый тип "main" должен быть "int", а не "void"
     1>D:\БГТУ Лабы, лекции и тд\Лабараторные Белодед\Лабараторные\Лабараторная #11\Lab11_ОАиП(Beloded)\Lab11_ОАиП(Dop_8_1)\Lab11_ОАиП(Dop_8_1).cpp(15,15): warning C4244: =: преобразование "double" в "int", возможна потеря данных
       Link:
         C:\Program Files (x86)\Microsoft Visual Studio\2019\Community\VC\Tools\MSVC\14.29.30133\bin\HostX86\x86\link.exe /ERRORREPORT:PROMPT /OUT:"D:\БГТУ Лабы, лекции и тд\Лабараторные Белодед\Лабараторные\Лабараторная #11\Lab11_ОАиП(Beloded)\Debug\Lab11_ОАиП(Dop_8_1).exe" /INCREMENTAL /ILK:"Debug\Lab11_ОАиП(Dop_8_1).ilk" /NOLOGO kernel32.lib user32.lib gdi32.lib winspool.lib comdlg32.lib advapi32.lib shell32.lib ole32.lib oleaut32.lib uuid.lib odbc32.lib odbccp32.lib /MANIFEST /MANIFESTUAC:"level='asInvoker' uiAccess='false'" /manifest:embed /DEBUG /PDB:"D:\БГТУ Лабы, лекции и тд\Лабараторные Белодед\Лабараторные\Лабараторная #11\Lab11_ОАиП(Beloded)\Debug\Lab11_ОАиП(Dop_8_1).pdb" /SUBSYSTEM:CONSOLE /TLBID:1 /DYNAMICBASE /NXCOMPAT /IMPLIB:"D:\БГТУ Лабы, лекции и тд\Лабараторные Белодед\Лабараторные\Лабараторная #11\Lab11_ОАиП(Beloded)\Debug\Lab11_ОАиП(Dop_8_1).lib" /MACHINE:X86 "Debug\Lab11_ОАиП(Dop_8_1).obj"
         Lab11_ОАиП(Dop_8_1).vcxproj -> D:\БГТУ Лабы, лекции и тд\Лабараторные Белодед\Лабараторные\Лабараторная #11\Lab11_ОАиП(Beloded)\Debug\Lab11_ОАиП(Dop_8_1).exe
       FinalizeBuildStatus:
         Файл "Debug\Lab11_ОА.1ec8c56d.tlog\unsuccessfulbuild" удаляется.
         Обращение к "Debug\Lab11_ОА.1ec8c56d.tlog\Lab11_ОАиП(Dop_8_1).lastbuildstate".
     1>Сборка проекта "D:\БГТУ Лабы, лекции и тд\Лабараторные Белодед\Лабараторные\Лабараторная #11\Lab11_ОАиП(Beloded)\Lab11_ОАиП(Dop_8_1)\Lab11_ОАиП(Dop_8_1).vcxproj" завершена (целевые объекты Build).

Сборка успешно завершена.

       "D:\БГТУ Лабы, лекции и тд\Лабараторные Белодед\Лабараторные\Лабараторная #11\Lab11_ОАиП(Beloded)\Lab11_ОАиП(Dop_8_1)\Lab11_ОАиП(Dop_8_1).vcxproj" (целевой объект Build ) (1) ->
       (Целевой объект ClCompile) -> 
         D:\БГТУ Лабы, лекции и тд\Лабараторные Белодед\Лабараторные\Лабараторная #11\Lab11_ОАиП(Beloded)\Lab11_ОАиП(Dop_8_1)\Lab11_ОАиП(Dop_8_1).cpp(6,1): warning C4326: возвращаемый тип "main" должен быть "int", а не "void"
         D:\БГТУ Лабы, лекции и тд\Лабараторные Белодед\Лабараторные\Лабараторная #11\Lab11_ОАиП(Beloded)\Lab11_ОАиП(Dop_8_1)\Lab11_ОАиП(Dop_8_1).cpp(15,15): warning C4244: =: преобразование "double" в "int", возможна потеря данных

    Предупреждений: 2
    Ошибок: 0

Прошло времени 00:00:00.78
