Сборка начата 02.12.2021 1:47:11.
Уровень детализации журнала: Normal.     1>Проект "D:\БГТУ Лабы, лекции и тд\Лабараторные Белодед\Лабараторные\Лабараторная #15\Lab15_ОАиП(Beloded)\Lab15_ОАиП(Beloded)_2\Lab15_ОАиП(Beloded)_2.vcxproj" в узле 2 (целевые объекты Build).
     1>InitializeBuildStatus:
         Создание "Debug\Lab15_ОА.f0cd4588.tlog\unsuccessfulbuild", так как было задано "AlwaysCreate".
       ClCompile:
         C:\Program Files (x86)\Microsoft Visual Studio\2019\Community\VC\Tools\MSVC\14.29.30133\bin\HostX86\x86\CL.exe /c /ZI /JMC /nologo /W3 /WX- /diagnostics:column /sdl /Od /Oy- /D WIN32 /D _DEBUG /D _CONSOLE /D _UNICODE /D UNICODE /Gm- /EHsc /RTC1 /MDd /GS /fp:precise /permissive- /Zc:wchar_t /Zc:forScope /Zc:inline /Fo"Debug\\" /Fd"Debug\vc142.pdb" /external:W3 /Gd /TP /analyze- /FC /errorReport:prompt "Lab15_ОАиП(Beloded)_2.cpp"
         Lab15_ОАиП(Beloded)_2.cpp
     1>D:\БГТУ Лабы, лекции и тд\Лабараторные Белодед\Лабараторные\Лабараторная #15\Lab15_ОАиП(Beloded)\Lab15_ОАиП(Beloded)_2\Lab15_ОАиП(Beloded)_2.cpp(5,1): warning C4326: возвращаемый тип "main" должен быть "int", а не "void"
       Link:
         C:\Program Files (x86)\Microsoft Visual Studio\2019\Community\VC\Tools\MSVC\14.29.30133\bin\HostX86\x86\link.exe /ERRORREPORT:PROMPT /OUT:"D:\БГТУ Лабы, лекции и тд\Лабараторные Белодед\Лабараторные\Лабараторная #15\Lab15_ОАиП(Beloded)\Debug\Lab15_ОАиП(Beloded)_2.exe" /INCREMENTAL /ILK:"Debug\Lab15_ОАиП(Beloded)_2.ilk" /NOLOGO kernel32.lib user32.lib gdi32.lib winspool.lib comdlg32.lib advapi32.lib shell32.lib ole32.lib oleaut32.lib uuid.lib odbc32.lib odbccp32.lib /MANIFEST /MANIFESTUAC:"level='asInvoker' uiAccess='false'" /manifest:embed /DEBUG /PDB:"D:\БГТУ Лабы, лекции и тд\Лабараторные Белодед\Лабараторные\Лабараторная #15\Lab15_ОАиП(Beloded)\Debug\Lab15_ОАиП(Beloded)_2.pdb" /SUBSYSTEM:CONSOLE /TLBID:1 /DYNAMICBASE /NXCOMPAT /IMPLIB:"D:\БГТУ Лабы, лекции и тд\Лабараторные Белодед\Лабараторные\Лабараторная #15\Lab15_ОАиП(Beloded)\Debug\Lab15_ОАиП(Beloded)_2.lib" /MACHINE:X86 "Debug\Lab15_ОАиП(Beloded)_2.obj"
         Lab15_ОАиП(Beloded)_2.vcxproj -> D:\БГТУ Лабы, лекции и тд\Лабараторные Белодед\Лабараторные\Лабараторная #15\Lab15_ОАиП(Beloded)\Debug\Lab15_ОАиП(Beloded)_2.exe
       FinalizeBuildStatus:
         Файл "Debug\Lab15_ОА.f0cd4588.tlog\unsuccessfulbuild" удаляется.
         Обращение к "Debug\Lab15_ОА.f0cd4588.tlog\Lab15_ОАиП(Beloded)_2.lastbuildstate".
     1>Сборка проекта "D:\БГТУ Лабы, лекции и тд\Лабараторные Белодед\Лабараторные\Лабараторная #15\Lab15_ОАиП(Beloded)\Lab15_ОАиП(Beloded)_2\Lab15_ОАиП(Beloded)_2.vcxproj" завершена (целевые объекты Build).

Сборка успешно завершена.

       "D:\БГТУ Лабы, лекции и тд\Лабараторные Белодед\Лабараторные\Лабараторная #15\Lab15_ОАиП(Beloded)\Lab15_ОАиП(Beloded)_2\Lab15_ОАиП(Beloded)_2.vcxproj" (целевой объект Build ) (1) ->
       (Целевой объект ClCompile) -> 
         D:\БГТУ Лабы, лекции и тд\Лабараторные Белодед\Лабараторные\Лабараторная #15\Lab15_ОАиП(Beloded)\Lab15_ОАиП(Beloded)_2\Lab15_ОАиП(Beloded)_2.cpp(5,1): warning C4326: возвращаемый тип "main" должен быть "int", а не "void"

    Предупреждений: 1
    Ошибок: 0

Прошло времени 00:00:00.65
